This is pdfTeX, Version 3.14159265-2.6-1.40.17 (TeX Live 2016) (preloaded format=pdflatex 2016.5.22)  9 SEP 2016 11:55
entering extended mode
 restricted \write18 enabled.
 file:line:error style messages enabled.
 %&-line parsing enabled.
**main.tex
(./main.tex
LaTeX2e <2016/03/31>
Babel <3.9r> and hyphenation patterns for 83 language(s) loaded.
(/usr/local/texlive/2016/texmf-dist/tex/latex/base/report.cls
Document Class: report 2014/09/29 v1.4h Standard LaTeX document class
(/usr/local/texlive/2016/texmf-dist/tex/latex/base/size11.clo
File: size11.clo 2014/09/29 v1.4h Standard LaTeX file (size option)
)
\c@part=\count79
\c@chapter=\count80
\c@section=\count81
\c@subsection=\count82
\c@subsubsection=\count83
\c@paragraph=\count84
\c@subparagraph=\count85
\c@figure=\count86
\c@table=\count87
\abovecaptionskip=\skip41
\belowcaptionskip=\skip42
\bibindent=\dimen102
) (./includes.tex (/usr/local/texlive/2016/texmf-dist/tex/latex/geometry/geomet
ry.sty
Package: geometry 2010/09/12 v5.6 Page Geometry

(/usr/local/texlive/2016/texmf-dist/tex/latex/graphics/keyval.sty
Package: keyval 2014/10/28 v1.15 key=value parser (DPC)
\KV@toks@=\toks14
)
(/usr/local/texlive/2016/texmf-dist/tex/generic/oberdiek/ifpdf.sty
Package: ifpdf 2016/05/14 v3.1 Provides the ifpdf switch
)
(/usr/local/texlive/2016/texmf-dist/tex/generic/oberdiek/ifvtex.sty
Package: ifvtex 2016/05/16 v1.6 Detect VTeX and its facilities (HO)
Package ifvtex Info: VTeX not detected.
)
(/usr/local/texlive/2016/texmf-dist/tex/generic/ifxetex/ifxetex.sty
Package: ifxetex 2010/09/12 v0.6 Provides ifxetex conditional
)
\Gm@cnth=\count88
\Gm@cntv=\count89
\c@Gm@tempcnt=\count90
\Gm@bindingoffset=\dimen103
\Gm@wd@mp=\dimen104
\Gm@odd@mp=\dimen105
\Gm@even@mp=\dimen106
\Gm@layoutwidth=\dimen107
\Gm@layoutheight=\dimen108
\Gm@layouthoffset=\dimen109
\Gm@layoutvoffset=\dimen110
\Gm@dimlist=\toks15
)
(/usr/local/texlive/2016/texmf-dist/tex/latex/textpos/textpos.sty
Package: textpos 2014/01/03 v1.7j

Package: textpos 2014/01/03 1.7j, absolute positioning of text on the page
\TP@textbox=\box26
\TPHorizModule=\dimen111
\TPVertModule=\dimen112
\TP@margin=\dimen113
\TP@absmargin=\dimen114
Grid set 16 x 16 = 37.34424pt x 52.81541pt
\TPboxrulesize=\dimen115
\TP@tbargs=\toks16
\TP@prevdepth=\dimen116
) (/usr/local/texlive/2016/texmf-dist/tex/latex/natbib/natbib.sty
Package: natbib 2010/09/13 8.31b (PWD, AO)
\bibhang=\skip43
\bibsep=\skip44
LaTeX Info: Redefining \cite on input line 694.
\c@NAT@ctr=\count91
)
(/usr/local/texlive/2016/texmf-dist/tex/latex/tools/tabularx.sty
Package: tabularx 2016/02/03 v2.11 `tabularx' package (DPC)

(/usr/local/texlive/2016/texmf-dist/tex/latex/tools/array.sty
Package: array 2014/10/28 v2.4c Tabular extension package (FMi)
\col@sep=\dimen117
\extrarowheight=\dimen118
\NC@list=\toks17
\extratabsurround=\skip45
\backup@length=\skip46
)
\TX@col@width=\dimen119
\TX@old@table=\dimen120
\TX@old@col=\dimen121
\TX@target=\dimen122
\TX@delta=\dimen123
\TX@cols=\count92
\TX@ftn=\toks18
)
(/usr/local/texlive/2016/texmf-dist/tex/latex/tools/longtable.sty
Package: longtable 2014/10/28 v4.11 Multi-page Table package (DPC)
\LTleft=\skip47
\LTright=\skip48
\LTpre=\skip49
\LTpost=\skip50
\LTchunksize=\count93
\LTcapwidth=\dimen124
\LT@head=\box27
\LT@firsthead=\box28
\LT@foot=\box29
\LT@lastfoot=\box30
\LT@cols=\count94
\LT@rows=\count95
\c@LT@tables=\count96
\c@LT@chunks=\count97
\LT@p@ftn=\toks19
)
(/usr/local/texlive/2016/texmf-dist/tex/latex/multirow/multirow.sty
\bigstrutjot=\dimen125
)
(/usr/local/texlive/2016/texmf-dist/tex/latex/subfigure/subfigure.sty
Package: subfigure 2002/03/15 v2.1.5 subfigure package
\subfigtopskip=\skip51
\subfigcapskip=\skip52
\subfigcaptopadj=\dimen126
\subfigbottomskip=\skip53
\subfigcapmargin=\dimen127
\subfiglabelskip=\skip54
\c@subfigure=\count98
\c@lofdepth=\count99
\c@subtable=\count100
\c@lotdepth=\count101

****************************************
* Local config file subfigure.cfg used *
****************************************
(/usr/local/texlive/2016/texmf-dist/tex/latex/subfigure/subfigure.cfg)
\subfig@top=\skip55
\subfig@bottom=\skip56
)
(/usr/local/texlive/2016/texmf-dist/tex/latex/caption/caption.sty
Package: caption 2016/02/21 v3.3-144 Customizing captions (AR)

(/usr/local/texlive/2016/texmf-dist/tex/latex/caption/caption3.sty
Package: caption3 2016/02/04 v1.7-139 caption3 kernel (AR)
Package caption3 Info: TeX engine: e-TeX on input line 67.
\captionmargin=\dimen128
\captionmargin@=\dimen129
\captionwidth=\dimen130
\caption@tempdima=\dimen131
\caption@indent=\dimen132
\caption@parindent=\dimen133
\caption@hangindent=\dimen134
)
\c@ContinuedFloat=\count102
Package caption Info: longtable package is loaded.

(/usr/local/texlive/2016/texmf-dist/tex/latex/caption/ltcaption.sty
Package: ltcaption 2013/06/09 v1.4-94 longtable captions (AR)
)
Package caption Info: subfigure package is loaded.
)
(/usr/local/texlive/2016/texmf-dist/tex/latex/fncylab/fncylab.sty)
(/usr/local/texlive/2016/texmf-dist/tex/latex/fancyhdr/fancyhdr.sty
\fancy@headwidth=\skip57
\f@ncyO@elh=\skip58
\f@ncyO@erh=\skip59
\f@ncyO@olh=\skip60
\f@ncyO@orh=\skip61
\f@ncyO@elf=\skip62
\f@ncyO@erf=\skip63
\f@ncyO@olf=\skip64
\f@ncyO@orf=\skip65
)
(/usr/local/texlive/2016/texmf-dist/tex/latex/url/url.sty
\Urlmuskip=\muskip10
Package: url 2013/09/16  ver 3.4  Verb mode for urls, etc.
)
(/usr/local/texlive/2016/texmf-dist/tex/generic/babel/babel.sty
Package: babel 2016/04/23 3.9r The Babel package

(/usr/local/texlive/2016/texmf-dist/tex/generic/babel-english/english.ldf
Language: english 2012/08/20 v3.3p English support from the babel system

(/usr/local/texlive/2016/texmf-dist/tex/generic/babel/babel.def
File: babel.def 2016/04/23 3.9r Babel common definitions
\babel@savecnt=\count103
\U@D=\dimen135
)
\l@canadian = a dialect from \language\l@american 
\l@australian = a dialect from \language\l@british 
\l@newzealand = a dialect from \language\l@british 
))
(/usr/local/texlive/2016/texmf-dist/tex/latex/amsmath/amsmath.sty
Package: amsmath 2016/03/10 v2.15b AMS math features
\@mathmargin=\skip66

For additional information on amsmath, use the `?' option.
(/usr/local/texlive/2016/texmf-dist/tex/latex/amsmath/amstext.sty
Package: amstext 2000/06/29 v2.01 AMS text

(/usr/local/texlive/2016/texmf-dist/tex/latex/amsmath/amsgen.sty
File: amsgen.sty 1999/11/30 v2.0 generic functions
\@emptytoks=\toks20
\ex@=\dimen136
))
(/usr/local/texlive/2016/texmf-dist/tex/latex/amsmath/amsbsy.sty
Package: amsbsy 1999/11/29 v1.2d Bold Symbols
\pmbraise@=\dimen137
)
(/usr/local/texlive/2016/texmf-dist/tex/latex/amsmath/amsopn.sty
Package: amsopn 2016/03/08 v2.02 operator names
)
\inf@bad=\count104
LaTeX Info: Redefining \frac on input line 199.
\uproot@=\count105
\leftroot@=\count106
LaTeX Info: Redefining \overline on input line 297.
\classnum@=\count107
\DOTSCASE@=\count108
LaTeX Info: Redefining \ldots on input line 394.
LaTeX Info: Redefining \dots on input line 397.
LaTeX Info: Redefining \cdots on input line 518.
\Mathstrutbox@=\box31
\strutbox@=\box32
\big@size=\dimen138
LaTeX Font Info:    Redeclaring font encoding OML on input line 634.
LaTeX Font Info:    Redeclaring font encoding OMS on input line 635.
\macc@depth=\count109
\c@MaxMatrixCols=\count110
\dotsspace@=\muskip11
\c@parentequation=\count111
\dspbrk@lvl=\count112
\tag@help=\toks21
\row@=\count113
\column@=\count114
\maxfields@=\count115
\andhelp@=\toks22
\eqnshift@=\dimen139
\alignsep@=\dimen140
\tagshift@=\dimen141
\tagwidth@=\dimen142
\totwidth@=\dimen143
\lineht@=\dimen144
\@envbody=\toks23
\multlinegap=\skip67
\multlinetaggap=\skip68
\mathdisplay@stack=\toks24
LaTeX Info: Redefining \[ on input line 2739.
LaTeX Info: Redefining \] on input line 2740.
)
(/usr/local/texlive/2016/texmf-dist/tex/latex/graphics/graphicx.sty
Package: graphicx 2014/10/28 v1.0g Enhanced LaTeX Graphics (DPC,SPQR)

(/usr/local/texlive/2016/texmf-dist/tex/latex/graphics/graphics.sty
Package: graphics 2016/05/09 v1.0r Standard LaTeX Graphics (DPC,SPQR)

(/usr/local/texlive/2016/texmf-dist/tex/latex/graphics/trig.sty
Package: trig 2016/01/03 v1.10 sin cos tan (DPC)
)
(/usr/local/texlive/2016/texmf-dist/tex/latex/graphics-cfg/graphics.cfg
File: graphics.cfg 2016/01/02 v1.10 sample graphics configuration
)
Package graphics Info: Driver file: pdftex.def on input line 96.

(/usr/local/texlive/2016/texmf-dist/tex/latex/pdftex-def/pdftex.def
File: pdftex.def 2011/05/27 v0.06d Graphics/color for pdfTeX

(/usr/local/texlive/2016/texmf-dist/tex/generic/oberdiek/infwarerr.sty
Package: infwarerr 2016/05/16 v1.4 Providing info/warning/error messages (HO)
)
(/usr/local/texlive/2016/texmf-dist/tex/generic/oberdiek/ltxcmds.sty
Package: ltxcmds 2016/05/16 v1.23 LaTeX kernel commands for general use (HO)
)
\Gread@gobject=\count116
))
\Gin@req@height=\dimen145
\Gin@req@width=\dimen146
)
(/usr/local/texlive/2016/texmf-dist/tex/latex/doublestroke/dsfont.sty
Package: dsfont 1995/08/01 v0.1 Double stroke roman fonts
)
(/usr/local/texlive/2016/texmf-dist/tex/latex/oberdiek/epstopdf.sty
Package: epstopdf 2016/05/15 v2.6 Conversion with epstopdf on the fly (HO)

(/usr/local/texlive/2016/texmf-dist/tex/latex/oberdiek/epstopdf-base.sty
Package: epstopdf-base 2016/05/15 v2.6 Base part for package epstopdf

(/usr/local/texlive/2016/texmf-dist/tex/latex/oberdiek/grfext.sty
Package: grfext 2016/05/16 v1.2 Manage graphics extensions (HO)

(/usr/local/texlive/2016/texmf-dist/tex/generic/oberdiek/kvdefinekeys.sty
Package: kvdefinekeys 2016/05/16 v1.4 Define keys (HO)
))
(/usr/local/texlive/2016/texmf-dist/tex/latex/oberdiek/kvoptions.sty
Package: kvoptions 2016/05/16 v3.12 Key value format for package options (HO)

(/usr/local/texlive/2016/texmf-dist/tex/generic/oberdiek/kvsetkeys.sty
Package: kvsetkeys 2016/05/16 v1.17 Key value parser (HO)

(/usr/local/texlive/2016/texmf-dist/tex/generic/oberdiek/etexcmds.sty
Package: etexcmds 2016/05/16 v1.6 Avoid name clashes with e-TeX commands (HO)

(/usr/local/texlive/2016/texmf-dist/tex/generic/oberdiek/ifluatex.sty
Package: ifluatex 2016/05/16 v1.4 Provides the ifluatex switch (HO)
Package ifluatex Info: LuaTeX not detected.
)
Package etexcmds Info: Could not find \expanded.
(etexcmds)             That can mean that you are not using pdfTeX 1.50 or
(etexcmds)             that some package has redefined \expanded.
(etexcmds)             In the latter case, load this package earlier.
)))
(/usr/local/texlive/2016/texmf-dist/tex/generic/oberdiek/pdftexcmds.sty
Package: pdftexcmds 2016/05/10 v0.21 Utility functions of pdfTeX for LuaTeX (HO
)
Package pdftexcmds Info: LuaTeX not detected.
Package pdftexcmds Info: \pdf@primitive is available.
Package pdftexcmds Info: \pdf@ifprimitive is available.
Package pdftexcmds Info: \pdfdraftmode found.
)
Package grfext Info: Graphics extension search list:
(grfext)             [.png,.pdf,.jpg,.mps,.jpeg,.jbig2,.jb2,.PNG,.PDF,.JPG,.JPE
G,.JBIG2,.JB2,.eps]
(grfext)             \AppendGraphicsExtensions on input line 456.

(/usr/local/texlive/2016/texmf-dist/tex/latex/latexconfig/epstopdf-sys.cfg
File: epstopdf-sys.cfg 2010/07/13 v1.3 Configuration of (r)epstopdf for TeX Liv
e
)))
(/usr/local/texlive/2016/texmf-dist/tex/latex/hyperref/backref.sty
Package: backref 2012/07/25 v1.38 Bibliographical back referencing

(/usr/local/texlive/2016/texmf-dist/tex/latex/oberdiek/rerunfilecheck.sty
Package: rerunfilecheck 2016/05/16 v1.8 Rerun checks for auxiliary files (HO)

(/usr/local/texlive/2016/texmf-dist/tex/latex/oberdiek/atveryend.sty
Package: atveryend 2016/05/16 v1.9 Hooks at the very end of document (HO)
Package atveryend Info: \enddocument detected (standard20110627).
)
(/usr/local/texlive/2016/texmf-dist/tex/generic/oberdiek/uniquecounter.sty
Package: uniquecounter 2016/05/16 v1.3 Provide unlimited unique counter (HO)

(/usr/local/texlive/2016/texmf-dist/tex/generic/oberdiek/bigintcalc.sty
Package: bigintcalc 2016/05/16 v1.4 Expandable calculations on big integers (HO
)
))
Package uniquecounter Info: New unique counter `rerunfilecheck' on input line 2
82.
))
(/usr/local/texlive/2016/texmf-dist/tex/latex/base/latexsym.sty
Package: latexsym 1998/08/17 v2.2e Standard LaTeX package (lasy symbols)
\symlasy=\mathgroup4
LaTeX Font Info:    Overwriting symbol font `lasy' in version `bold'
(Font)                  U/lasy/m/n --> U/lasy/b/n on input line 52.
)
(/usr/local/texlive/2016/texmf-dist/tex/latex/hyperref/hyperref.sty
Package: hyperref 2016/05/05 v6.83n Hypertext links for LaTeX

(/usr/local/texlive/2016/texmf-dist/tex/generic/oberdiek/hobsub-hyperref.sty
Package: hobsub-hyperref 2016/05/16 v1.14 Bundle oberdiek, subset hyperref (HO)


(/usr/local/texlive/2016/texmf-dist/tex/generic/oberdiek/hobsub-generic.sty
Package: hobsub-generic 2016/05/16 v1.14 Bundle oberdiek, subset generic (HO)
Package: hobsub 2016/05/16 v1.14 Construct package bundles (HO)
Package hobsub Info: Skipping package `infwarerr' (already loaded).
Package hobsub Info: Skipping package `ltxcmds' (already loaded).
Package hobsub Info: Skipping package `ifluatex' (already loaded).
Package hobsub Info: Skipping package `ifvtex' (already loaded).
Package: intcalc 2016/05/16 v1.2 Expandable calculations with integers (HO)
Package hobsub Info: Skipping package `ifpdf' (already loaded).
Package hobsub Info: Skipping package `etexcmds' (already loaded).
Package hobsub Info: Skipping package `kvsetkeys' (already loaded).
Package hobsub Info: Skipping package `kvdefinekeys' (already loaded).
Package hobsub Info: Skipping package `pdftexcmds' (already loaded).
Package: pdfescape 2016/05/16 v1.14 Implements pdfTeX's escape features (HO)
Package hobsub Info: Skipping package `bigintcalc' (already loaded).
Package: bitset 2016/05/16 v1.2 Handle bit-vector datatype (HO)
Package hobsub Info: Skipping package `uniquecounter' (already loaded).
)
Package hobsub Info: Skipping package `hobsub' (already loaded).
Package: letltxmacro 2016/05/16 v1.5 Let assignment for LaTeX macros (HO)
Package: hopatch 2016/05/16 v1.3 Wrapper for package hooks (HO)
Package: xcolor-patch 2016/05/16 xcolor patch
Package hobsub Info: Skipping package `atveryend' (already loaded).
Package: atbegshi 2016/05/16 v1.17 At begin shipout hook (HO)
Package: refcount 2016/05/16 v3.5 Data extraction from label references (HO)
Package: hycolor 2016/05/16 v1.8 Color options for hyperref/bookmark (HO)
)
(/usr/local/texlive/2016/texmf-dist/tex/latex/oberdiek/auxhook.sty
Package: auxhook 2016/05/16 v1.4 Hooks for auxiliary files (HO)
)
\@linkdim=\dimen147
\Hy@linkcounter=\count117
\Hy@pagecounter=\count118

(/usr/local/texlive/2016/texmf-dist/tex/latex/hyperref/pd1enc.def
File: pd1enc.def 2016/05/05 v6.83n Hyperref: PDFDocEncoding definition (HO)
)
\Hy@SavedSpaceFactor=\count119

(/usr/local/texlive/2016/texmf-dist/tex/latex/latexconfig/hyperref.cfg
File: hyperref.cfg 2002/06/06 v1.2 hyperref configuration of TeXLive
)
Package hyperref Info: Option `hypertexnames' set `false' on input line 4322.
Package hyperref Info: Option `colorlinks' set `true' on input line 4322.
Package hyperref Info: Hyper figures OFF on input line 4446.
Package hyperref Info: Link nesting OFF on input line 4451.
Package hyperref Info: Hyper index ON on input line 4454.
Package hyperref Info: Plain pages OFF on input line 4461.
Package hyperref Info: Backreferencing ON on input line 4464.
Package hyperref Info: Implicit mode ON; LaTeX internals redefined.
Package hyperref Info: Bookmarks ON on input line 4691.
\c@Hy@tempcnt=\count120
LaTeX Info: Redefining \url on input line 5044.
\XeTeXLinkMargin=\dimen148
\Fld@menulength=\count121
\Field@Width=\dimen149
\Fld@charsize=\dimen150
Package hyperref Info: Hyper figures OFF on input line 6298.
Package hyperref Info: Link nesting OFF on input line 6303.
Package hyperref Info: Hyper index ON on input line 6306.
Package hyperref Info: backreferencing ON on input line 6311.
Package hyperref Info: Link coloring ON on input line 6316.
Package hyperref Info: Link coloring with OCG OFF on input line 6323.
Package hyperref Info: PDF/A mode OFF on input line 6328.
LaTeX Info: Redefining \ref on input line 6368.
LaTeX Info: Redefining \pageref on input line 6372.
\Hy@abspage=\count122
\c@Item=\count123
\c@Hfootnote=\count124
)

Package hyperref Message: Driver: hpdftex.

(/usr/local/texlive/2016/texmf-dist/tex/latex/hyperref/hpdftex.def
File: hpdftex.def 2016/05/05 v6.83n Hyperref driver for pdfTeX
\Fld@listcount=\count125
\c@bookmark@seq@number=\count126
\Hy@SectionHShift=\skip69
)
Package hyperref Info: Option `bookmarksnumbered' set `true' on input line 47.
Package hyperref Info: Option `bookmarksopen' set `true' on input line 47.
Package hyperref Info: Option `colorlinks' set `true' on input line 47.

(/usr/local/texlive/2016/texmf-dist/tex/latex/oberdiek/hypcap.sty
Package: hypcap 2016/05/16 v1.12 Adjusting the anchors of captions (HO)
))
(./notation.tex)

./main.tex:27: LaTeX Error: Option clash for package geometry.

See the LaTeX manual or LaTeX Companion for explanation.
Type  H <return>  for immediate help.
 ...                                              
                                                  
l.27 
     
? s
OK, entering \scrollmode...
(./main.aux

LaTeX Warning: Label `table:performance0' multiply defined.


LaTeX Warning: Label `table:performance' multiply defined.


./main.aux:319: Package natbib Error: Bibliography not compatible with author-y
ear citations.
(natbib)                Press <return> to continue in numerical citation style.


See the natbib package documentation for explanation.
Type  H <return>  for immediate help.
 ...                                              
                                                  
l.319 ...and\NAT@force@numbers{}\NAT@force@numbers
                                                  
Check the bibliography entries for non-compliant syntax,
or select author-year BibTeX style, e.g. plainnat

)
\openout1 = `main.aux'.

LaTeX Font Info:    Checking defaults for OML/cmm/m/it on input line 29.
LaTeX Font Info:    ... okay on input line 29.
LaTeX Font Info:    Checking defaults for T1/cmr/m/n on input line 29.
LaTeX Font Info:    ... okay on input line 29.
LaTeX Font Info:    Checking defaults for OT1/cmr/m/n on input line 29.
LaTeX Font Info:    ... okay on input line 29.
LaTeX Font Info:    Checking defaults for OMS/cmsy/m/n on input line 29.
LaTeX Font Info:    ... okay on input line 29.
LaTeX Font Info:    Checking defaults for OMX/cmex/m/n on input line 29.
LaTeX Font Info:    ... okay on input line 29.
LaTeX Font Info:    Checking defaults for U/cmr/m/n on input line 29.
LaTeX Font Info:    ... okay on input line 29.
LaTeX Font Info:    Checking defaults for PD1/pdf/m/n on input line 29.
LaTeX Font Info:    ... okay on input line 29.
LaTeX Font Info:    Try loading font information for OT1+bch on input line 29.
 (/usr/local/texlive/2016/texmf-dist/tex/latex/psnfss/ot1bch.fd
File: ot1bch.fd 2004/10/18 font definitions for OT1/bch.
)
*geometry* driver: auto-detecting
*geometry* detected driver: pdftex
*geometry* verbose mode - [ preamble ] result:
* driver: pdftex
* paper: a4paper
* layout: <same size as paper>
* layoutoffset:(h,v)=(0.0pt,0.0pt)
* modes: includehead includefoot twoside 
* h-part:(L,W,R)=(79.6678pt, 438.17227pt, 79.6678pt)
* v-part:(T,H,B)=(56.9055pt, 731.23584pt, 56.9055pt)
* \paperwidth=597.50787pt
* \paperheight=845.04684pt
* \textwidth=438.17227pt
* \textheight=664.23584pt
* \oddsidemargin=7.39781pt
* \evensidemargin=7.39781pt
* \topmargin=-15.36449pt
* \headheight=14.5pt
* \headsep=25.0pt
* \topskip=11.0pt
* \footskip=30.0pt
* \marginparwidth=103.0pt
* \marginparsep=10.0pt
* \columnsep=10.0pt
* \skip\footins=10.0pt plus 4.0pt minus 2.0pt
* \hoffset=0.0pt
* \voffset=0.0pt
* \mag=1000
* \@twocolumnfalse
* \@twosidetrue
* \@mparswitchtrue
* \@reversemarginfalse
* (1in=72.27pt=25.4mm, 1cm=28.453pt)

Package caption Info: Begin \AtBeginDocument code.
Package caption Info: hyperref package is loaded.
Package caption Info: hypcap package is loaded.
Package caption Info: End \AtBeginDocument code.
(/usr/local/texlive/2016/texmf-dist/tex/context/base/mkii/supp-pdf.mkii
[Loading MPS to PDF converter (version 2006.09.02).]
\scratchcounter=\count127
\scratchdimen=\dimen151
\scratchbox=\box33
\nofMPsegments=\count128
\nofMParguments=\count129
\everyMPshowfont=\toks25
\MPscratchCnt=\count130
\MPscratchDim=\dimen152
\MPnumerator=\count131
\makeMPintoPDFobject=\count132
\everyMPtoPDFconversion=\toks26
)
Package backref Info: ** backref set up for natbib ** on input line 29.
\AtBeginShipoutBox=\box34
 (/usr/local/texlive/2016/texmf-dist/tex/latex/graphics/color.sty
Package: color 2016/05/09 v1.1c Standard LaTeX Color (DPC)

(/usr/local/texlive/2016/texmf-dist/tex/latex/graphics-cfg/color.cfg
File: color.cfg 2016/01/02 v1.6 sample color configuration
)
Package color Info: Driver file: pdftex.def on input line 144.
)
Package hyperref Info: Link coloring ON on input line 29.

(/usr/local/texlive/2016/texmf-dist/tex/latex/hyperref/nameref.sty
Package: nameref 2012/10/27 v2.43 Cross-referencing by name of section

(/usr/local/texlive/2016/texmf-dist/tex/generic/oberdiek/gettitlestring.sty
Package: gettitlestring 2016/05/16 v1.5 Cleanup title references (HO)
)
\c@section@level=\count133
)
LaTeX Info: Redefining \ref on input line 29.
LaTeX Info: Redefining \pageref on input line 29.
LaTeX Info: Redefining \nameref on input line 29.

(./main.out) (./main.out)
\@outlinefile=\write3
\openout3 = `main.out'.

 (./titlepage.tex
<./figures/imperial.pdf, id=132, 362.35374pt x 95.35625pt>
File: ./figures/imperial.pdf Graphic file (type pdf)

<use ./figures/imperial.pdf>
Package pdftex.def Info: ./figures/imperial.pdf used on input line 11.
(pdftex.def)             Requested size: 113.81102pt x 29.95006pt.

Underfull \hbox (badness 10000) in paragraph at lines 11--12

 []

LaTeX Font Info:    Font shape `OT1/bch/bx/n' in size <20.74> not available
(Font)              Font shape `OT1/bch/b/n' tried instead on input line 27.
LaTeX Font Info:    Try loading font information for U+lasy on input line 39.
(/usr/local/texlive/2016/texmf-dist/tex/latex/base/ulasy.fd
File: ulasy.fd 1998/08/17 v2.2e LaTeX symbol font definitions
)
<./figures/imperial2.pdf, id=133, 1606.0pt x 1712.79903pt>
File: ./figures/imperial2.pdf Graphic file (type pdf)

<use ./figures/imperial2.pdf>
Package pdftex.def Info: ./figures/imperial2.pdf used on input line 50.
(pdftex.def)             Requested size: 142.26378pt x 151.71469pt.


./titlepage.tex:51: Package hypcap Error: You have forgotten to use \caption.

See the hypcap package documentation for explanation.
Type  H <return>  for immediate help.
 ...                                              
                                                  
l.51 \end{figure}
                 
\global 

[1

{/usr/local/texlive/2016/texmf-var/fonts/map/pdftex/updmap/pdftex.map} <./figur
es/imperial.pdf> <./figures/imperial2.pdf>])
LaTeX Font Info:    Font shape `OT1/bch/bx/n' in size <10.95> not available
(Font)              Font shape `OT1/bch/b/n' tried instead on input line 42.
 [1


] [2

]
LaTeX Font Info:    Font shape `OT1/bch/bx/n' in size <14.4> not available
(Font)              Font shape `OT1/bch/b/n' tried instead on input line 50.
 [3] [4


]
LaTeX Font Info:    Font shape `OT1/bch/bx/n' in size <24.88> not available
(Font)              Font shape `OT1/bch/b/n' tried instead on input line 65.
 (./main.toc
[5

])
\tf@toc=\write4
\openout4 = `main.toc'.

 [6]
Chapter 1.

Underfull \vbox (badness 10000) has occurred while \output is active []

 [1



]
Underfull \vbox (badness 10000) has occurred while \output is active []

 [2]
[3]
Chapter 2.
[4

] [5] [6]
Chapter 3.
LaTeX Font Info:    Font shape `OT1/bch/bx/n' in size <10> not available
(Font)              Font shape `OT1/bch/b/n' tried instead on input line 188.
[7

] <./figures/Canvas_1.jpg, id=270, 433.62pt x 362.35374pt>
File: ./figures/Canvas_1.jpg Graphic file (type jpg)

<use ./figures/Canvas_1.jpg>
Package pdftex.def Info: ./figures/Canvas_1.jpg used on input line 204.
(pdftex.def)             Requested size: 219.08614pt x 183.07841pt.
 [8 <./figures/Canvas_1.jpg>]
Missing character: There is no Œ in font bchr7t!
Missing character: There is no º in font bchr7t!

<./figures/Canvas_6.jpg, id=283, 513.92pt x 406.51875pt>
File: ./figures/Canvas_6.jpg Graphic file (type jpg)

<use ./figures/Canvas_6.jpg>
Package pdftex.def Info: ./figures/Canvas_6.jpg used on input line 236.
(pdftex.def)             Requested size: 197.17618pt x 155.96744pt.

<./figures/Canvas_2.jpg, id=284, 415.5525pt x 261.97874pt>
File: ./figures/Canvas_2.jpg Graphic file (type jpg)

<use ./figures/Canvas_2.jpg>
Package pdftex.def Info: ./figures/Canvas_2.jpg used on input line 237.
(pdftex.def)             Requested size: 197.17618pt x 124.30528pt.
Missing character: There is no Œ in font bchr7t!
Missing character: There is no ø in font bchr7t!
Missing character: There is no œ in font bchr7t!
Missing character: There is no É in font bchr7t!

./main.tex:251: Text line contains an invalid character.
l.251   ^^?
           o=\sigma {\sum_{i=0}^{n} x_{i}w_{i}}
A funny symbol that I can't read has just been input.
Continue, and I'll forget that it ever happened.

[9 <./figures/Canvas_6.jpg> <./figures/Canvas_2.jpg>]
./main.tex:255: Text line contains an invalid character.
l.255   ^^?
           W_i \leftarrow  W_i+ \eta (t_i - o)x_i
A funny symbol that I can't read has just been input.
Continue, and I'll forget that it ever happened.

[10] [11]
Chapter 4.
[12

] <./figures/Data1.png, id=338, 615.29875pt x 420.57124pt>
File: ./figures/Data1.png Graphic file (type png)

<use ./figures/Data1.png>
Package pdftex.def Info: ./figures/Data1.png used on input line 321.
(pdftex.def)             Requested size: 219.08614pt x 149.74985pt.
 [13 <./figures/Data1.png>] [14]
Chapter 5.
<./figures/2011inner.png, id=355, 849.1725pt x 635.37375pt>
File: ./figures/2011inner.png Graphic file (type png)

<use ./figures/2011inner.png>
Package pdftex.def Info: ./figures/2011inner.png used on input line 387.
(pdftex.def)             Requested size: 394.35236pt x 295.06763pt.

<./figures/2011inter.png, id=356, 868.24374pt x 555.07375pt>
File: ./figures/2011inter.png Graphic file (type png)

<use ./figures/2011inter.png>
Package pdftex.def Info: ./figures/2011inter.png used on input line 394.
(pdftex.def)             Requested size: 394.35236pt x 252.11852pt.
 [15

]
<./figures/2012inner.png, id=370, 583.17876pt x 500.87125pt>
File: ./figures/2012inner.png Graphic file (type png)

<use ./figures/2012inner.png>
Package pdftex.def Info: ./figures/2012inner.png used on input line 409.
(pdftex.def)             Requested size: 197.17618pt x 169.34627pt.

<./figures/2012inter.png, id=371, 577.15625pt x 512.91624pt>
File: ./figures/2012inter.png Graphic file (type png)

<use ./figures/2012inter.png>
Package pdftex.def Info: ./figures/2012inter.png used on input line 410.
(pdftex.def)             Requested size: 175.26622pt x 155.75441pt.

<./figures/2013Inner.png, id=372, 588.1975pt x 519.9425pt>
File: ./figures/2013Inner.png Graphic file (type png)

<use ./figures/2013Inner.png>
Package pdftex.def Info: ./figures/2013Inner.png used on input line 417.
(pdftex.def)             Requested size: 184.03154pt x 162.67204pt.

<./figures/2013Inter.png, id=373, 598.235pt x 516.93124pt>
File: ./figures/2013Inter.png Graphic file (type png)

<use ./figures/2013Inter.png>
Package pdftex.def Info: ./figures/2013Inter.png used on input line 418.
(pdftex.def)             Requested size: 184.03154pt x 159.02443pt.

<./figures/2014Inner.png, id=374, 588.1975pt x 502.87875pt>
File: ./figures/2014Inner.png Graphic file (type png)

<use ./figures/2014Inner.png>
Package pdftex.def Info: ./figures/2014Inner.png used on input line 425.
(pdftex.def)             Requested size: 184.03154pt x 157.33337pt.

<./figures/2014Inter.png, id=375, 587.19376pt x 506.89375pt>
File: ./figures/2014Inter.png Graphic file (type png)

<use ./figures/2014Inter.png>
Package pdftex.def Info: ./figures/2014Inter.png used on input line 426.
(pdftex.def)             Requested size: 184.03154pt x 158.86024pt.

Underfull \vbox (badness 10000) has occurred while \output is active []

 [16 <./figures/2011inner.png>] [17 <./figures/2011inter.png> <./figures/2012in
ner.png> <./figures/2012inter.png>]
<./figures/Canvas_7.jpg, id=392, 496.85625pt x 385.44pt>
File: ./figures/Canvas_7.jpg Graphic file (type jpg)

<use ./figures/Canvas_7.jpg>
Package pdftex.def Info: ./figures/Canvas_7.jpg used on input line 443.
(pdftex.def)             Requested size: 219.08614pt x 169.95876pt.

<./figures/Data.png, id=394, 755.82375pt x 853.1875pt>
File: ./figures/Data.png Graphic file (type png)

<use ./figures/Data.png>
Package pdftex.def Info: ./figures/Data.png used on input line 459.
(pdftex.def)             Requested size: 219.08614pt x 247.30087pt.
Missing character: There is no ‚ in font bchr7t!
Missing character: There is no Ä in font bchr7t!
Missing character: There is no ú in font bchr7t!
Missing character: There is no ‚ in font bchr7t!
Missing character: There is no Ä in font bchr7t!
Missing character: There is no ù in font bchr7t!
 [18 <./figures/2013Inner.png> <./figures/2013Inter.png> <./figures/2014Inner.p
ng> <./figures/2014Inter.png>] [19 <./figures/Canvas_7.jpg>] [20] <./figures/gd
p-migration.jpg, id=420, 562.1pt x 421.575pt>
File: ./figures/gdp-migration.jpg Graphic file (type jpg)

<use ./figures/gdp-migration.jpg>
Package pdftex.def Info: ./figures/gdp-migration.jpg used on input line 538.
(pdftex.def)             Requested size: 262.90604pt x 197.17537pt.

Underfull \vbox (badness 10000) has occurred while \output is active []

 [21 <./figures/Data.png>] [22 <./figures/gdp-migration.jpg>]
<./figures/001NoOfExamplesInProvinces.png, id=438, 2007.5pt x 402.50375pt>
File: ./figures/001NoOfExamplesInProvinces.png Graphic file (type png)

<use ./figures/001NoOfExamplesInProvinces.png>
Package pdftex.def Info: ./figures/001NoOfExamplesInProvinces.png used on input
 line 593.
(pdftex.def)             Requested size: 394.35236pt x 79.0683pt.

<./figures/Rplot2.jpeg, id=439, 742.775pt x 246.9225pt>
File: ./figures/Rplot2.jpeg Graphic file (type jpg)

<use ./figures/Rplot2.jpeg>
Package pdftex.def Info: ./figures/Rplot2.jpeg used on input line 594.
(pdftex.def)             Requested size: 394.35236pt x 131.09811pt.
Missing character: There is no Ä in font cmr10!

<./figures/unemployment_Rate.jpg, id=441, 562.1pt x 421.575pt>
File: ./figures/unemployment_Rate.jpg Graphic file (type jpg)

<use ./figures/unemployment_Rate.jpg>
Package pdftex.def Info: ./figures/unemployment_Rate.jpg used on input line 605
.
(pdftex.def)             Requested size: 306.71924pt x 230.04007pt.
Missing character: There is no ‚ in font bchr7t!
Missing character: There is no Ä in font bchr7t!
Missing character: There is no ú in font bchr7t!
Missing character: There is no ‚ in font bchr7t!
Missing character: There is no Ä in font bchr7t!
Missing character: There is no ù in font bchr7t!
 [23 <./figures/001NoOfExamplesInProvinces.png> <./figures/Rplot2.jpeg>]
Underfull \vbox (badness 10000) has occurred while \output is active []

 [24 <./figures/unemployment_Rate.jpg>]
Overfull \hbox (3.56158pt too wide) in paragraph at lines 629--665
 [][] 
 []

Missing character: There is no Ä in font cmr10!
Missing character: There is no ú in font cmr10!

Underfull \vbox (badness 10000) has occurred while \output is active []

 [25]
[26]
LaTeX Font Info:    Font shape `OT1/bch/bx/n' in size <12> not available
(Font)              Font shape `OT1/bch/b/n' tried instead on input line 728.
Missing character: There is no Ä in font bchr7t!
Missing character: There is no ú in font bchr7t!
Missing character: There is no Ä in font bchr7t!
Missing character: There is no ù in font bchr7t!
Missing character: There is no Ä in font cmr10!
Missing character: There is no ò in font cmr10!
Missing character: There is no Ä in font bchr7t!
Missing character: There is no ô in font bchr7t!
Missing character: There is no ‚ in font bchr7t!
Missing character: There is no Ä in font bchr7t!
Missing character: There is no ò in font bchr7t!
Missing character: There is no ‚ in font bchr7t!
Missing character: There is no Ä in font bchr7t!
Missing character: There is no ô in font bchr7t!
 [27]
./main.tex:740: Text line contains an invalid character.
l.740 \begin{equation}\label{^^?
                                }
A funny symbol that I can't read has just been input.
Continue, and I'll forget that it ever happened.

./main.tex:741: Text line contains an invalid character.
l.741   ^^?
           split\_ info(A)= -\sum_{i=1}^{n}\frac{|D_{i}|}{|D|}log_{2}\frac{|...
A funny symbol that I can't read has just been input.
Continue, and I'll forget that it ever happened.

./main.tex:746: Text line contains an invalid character.
l.746 \begin{equation}\label{^^?
                                }
A funny symbol that I can't read has just been input.
Continue, and I'll forget that it ever happened.

./main.tex:747: Text line contains an invalid character.
l.747   ^^?
           infoGain\_ratio(A)= \frac{gain(A)}{split\_info(A)}
A funny symbol that I can't read has just been input.
Continue, and I'll forget that it ever happened.

./main.tex:752: Text line contains an invalid character.
l.752 \begin{equation}\label{^^?
                                }
A funny symbol that I can't read has just been input.
Continue, and I'll forget that it ever happened.

./main.tex:753: Text line contains an invalid character.
l.753   ^^?
           gain(A)= info(D)- info_A (D)
A funny symbol that I can't read has just been input.
Continue, and I'll forget that it ever happened.

<./figures/Canvas_3.jpg, id=483, 731.73375pt x 611.28375pt>
File: ./figures/Canvas_3.jpg Graphic file (type jpg)

<use ./figures/Canvas_3.jpg>
Package pdftex.def Info: ./figures/Canvas_3.jpg used on input line 760.
(pdftex.def)             Requested size: 416.26231pt x 347.74513pt.

<./figures/ErrorBar.png, id=486, 611.28375pt x 235.88126pt>
File: ./figures/ErrorBar.png Graphic file (type png)

<use ./figures/ErrorBar.png>
Package pdftex.def Info: ./figures/ErrorBar.png used on input line 786.
(pdftex.def)             Requested size: 394.35236pt x 152.16924pt.
 [28] [29 <./figures/Canvas_3.jpg>]
Missing character: There is no ‚ in font bchr7t!
Missing character: There is no Ä in font bchr7t!
Missing character: There is no ú in font bchr7t!
Missing character: There is no ‚ in font bchr7t!
Missing character: There is no Ä in font bchr7t!
Missing character: There is no ù in font bchr7t!
Missing character: There is no ‚ in font bchr7t!
Missing character: There is no Ä in font bchr7t!
Missing character: There is no ú in font bchr7t!
Missing character: There is no ‚ in font bchr7t!
Missing character: There is no Ä in font bchr7t!
Missing character: There is no ù in font bchr7t!
Missing character: There is no Œ in font bchr7t!
Missing character: There is no µ in font bchr7t!

./main.tex:849: Text line contains an invalid character.
l.849 \begin{equation}\label{^^?
                                }
A funny symbol that I can't read has just been input.
Continue, and I'll forget that it ever happened.

./main.tex:850: Text line contains an invalid character.
l.850   ^^?
           y=\beta _{1}x_{1}+\beta _{2}x_{2}+\cdots +\beta _{n}x_{n}+\vareps...
A funny symbol that I can't read has just been input.
Continue, and I'll forget that it ever happened.

Missing character: There is no ‚ in font cmr10!
Missing character: There is no Ä in font cmr10!
Missing character: There is no ¶ in font cmr10!
Missing character: There is no ‚ in font cmr10!
Missing character: There is no Ä in font cmr10!
Missing character: There is no ¶ in font cmr10!
./main.tex:855: Text line contains an invalid character.
l.855 \begin{equation}\label{^^?
                                }
A funny symbol that I can't read has just been input.
Continue, and I'll forget that it ever happened.

./main.tex:856: Text line contains an invalid character.
l.856   ^^?
           y=\beta _{1}x_{1,i}+\beta _{2}x_{2,i}+\cdots +\beta _{n}x_{n,i}+\...
A funny symbol that I can't read has just been input.
Continue, and I'll forget that it ever happened.

Missing character: There is no ‚ in font cmr10!
Missing character: There is no Ä in font cmr10!
Missing character: There is no ¶ in font cmr10!
Missing character: There is no ‚ in font cmr10!
Missing character: There is no Ä in font cmr10!
Missing character: There is no ¶ in font cmr10!
Missing character: There is no ‚ in font cmr10!
Missing character: There is no Ä in font cmr10!
Missing character: There is no ¶ in font cmr10!
[30 <./figures/ErrorBar.png>]
./main.tex:861: Text line contains an invalid character.
l.861 \begin{equation}\label{^^?
                                }
A funny symbol that I can't read has just been input.
Continue, and I'll forget that it ever happened.

./main.tex:862: Text line contains an invalid character.
l.862   ^^?
           \hat{\beta }=(X^{T}X)^{-1}X^{T}y
A funny symbol that I can't read has just been input.
Continue, and I'll forget that it ever happened.

[31]
Missing character: There is no Ä in font bchr7t!
Missing character: There is no ú in font bchr7t!
Missing character: There is no ú in font cmr10!
 <./figures/Canva_4.png, id=538, 732.7375pt x 592.2125pt>
File: ./figures/Canva_4.png Graphic file (type png)

<use ./figures/Canva_4.png>
Package pdftex.def Info: ./figures/Canva_4.png used on input line 955.
(pdftex.def)             Requested size: 416.26231pt x 336.43507pt.
 [32]
Underfull \vbox (badness 1910) has occurred while \output is active []

 [33 <./figures/Canva_4.png>] <./figures/ANN.png, id=561, 491.8375pt x 110.4125
pt>
File: ./figures/ANN.png Graphic file (type png)

<use ./figures/ANN.png>
Package pdftex.def Info: ./figures/ANN.png used on input line 1038.
(pdftex.def)             Requested size: 350.53915pt x 78.69498pt.
 [34]
Missing character: There is no ‚ in font bchr7t!
Missing character: There is no Ä in font bchr7t!
Missing character: There is no ì in font bchr7t!
Missing character: There is no ‚ in font bchr7t!
Missing character: There is no Ä in font bchr7t!
Missing character: There is no ì in font bchr7t!
Missing character: There is no ‚ in font bchr7t!
Missing character: There is no Ä in font bchr7t!
Missing character: There is no ì in font bchr7t!
Missing character: There is no ‚ in font bchr7t!
Missing character: There is no Ä in font bchr7t!
Missing character: There is no ì in font bchr7t!

Overfull \hbox (12.8513pt too wide) in paragraph at lines 1060--1061
[]\OT1/bch/m/n/10.95 Resilient back-prop-a-ga-tion (trainrp)  Pa-ram-e-ters: In
-cre-ment/Decrement to weight change. 
 []

Missing character: There is no ‚ in font bchr7t!
Missing character: There is no Ä in font bchr7t!
Missing character: There is no ú in font bchr7t!
Missing character: There is no ‚ in font bchr7t!
Missing character: There is no Ä in font bchr7t!
Missing character: There is no ù in font bchr7t!
Missing character: There is no ‚ in font bchr7t!
Missing character: There is no Ä in font bchr7t!
Missing character: There is no ù in font bchr7t!
Missing character: There is no ‚ in font bchr7t!
Missing character: There is no Ä in font bchr7t!
Missing character: There is no ù in font bchr7t!
Missing character: There is no ‚ in font bchr7t!
Missing character: There is no Ä in font bchr7t!
Missing character: There is no ú in font bchr7t!
Missing character: There is no ‚ in font bchr7t!
Missing character: There is no Ä in font bchr7t!
Missing character: There is no ù in font bchr7t!
Missing character: There is no ‚ in font bchr7t!
Missing character: There is no Ä in font bchr7t!
Missing character: There is no ú in font bchr7t!
Missing character: There is no ‚ in font bchr7t!
Missing character: There is no Ä in font bchr7t!
Missing character: There is no ù in font bchr7t!
Missing character: There is no ‚ in font bchr7t!
Missing character: There is no Ä in font bchr7t!
Missing character: There is no ú in font bchr7t!
Missing character: There is no ‚ in font bchr7t!
Missing character: There is no Ä in font bchr7t!
Missing character: There is no ù in font bchr7t!
[35 <./figures/ANN.png>]
<./figures/traingd1-2.jpg, id=597, 562.1pt x 421.575pt>
File: ./figures/traingd1-2.jpg Graphic file (type jpg)

<use ./figures/traingd1-2.jpg>
Package pdftex.def Info: ./figures/traingd1-2.jpg used on input line 1097.
(pdftex.def)             Requested size: 175.26622pt x 131.44595pt.

<./figures/traingda.jpg, id=598, 562.1pt x 421.575pt>
File: ./figures/traingda.jpg Graphic file (type jpg)

<use ./figures/traingda.jpg>
Package pdftex.def Info: ./figures/traingda.jpg used on input line 1098.
(pdftex.def)             Requested size: 175.26622pt x 131.44595pt.

<./figures/gdm7-1.jpg, id=599, 562.1pt x 421.575pt>
File: ./figures/gdm7-1.jpg Graphic file (type jpg)
 <use ./figures/gdm7-1.jpg>
Package pdftex.def Info: ./figures/gdm7-1.jpg used on input line 1105.
(pdftex.def)             Requested size: 175.26622pt x 131.44595pt.

<./figures/trainrp10-2.jpg, id=600, 562.1pt x 421.575pt>
File: ./figures/trainrp10-2.jpg Graphic file (type jpg)

<use ./figures/trainrp10-2.jpg>
Package pdftex.def Info: ./figures/trainrp10-2.jpg used on input line 1106.
(pdftex.def)             Requested size: 175.26622pt x 131.44595pt.
 [36 <./figures/traingd1-2.jpg> <./figures/traingda.jpg> <./figures/gdm7-1.jpg>
 <./figures/trainrp10-2.jpg>] [37]
<./figures/histry_compare.jpg, id=627, 562.1pt x 421.575pt>
File: ./figures/histry_compare.jpg Graphic file (type jpg)

<use ./figures/histry_compare.jpg>
Package pdftex.def Info: ./figures/histry_compare.jpg used on input line 1207.
(pdftex.def)             Requested size: 219.08614pt x 164.31065pt.
 [38]
Missing character: There is no Ä in font bchr7t!
Missing character: There is no ô in font bchr7t!

<./figures/over-fitting.jpg, id=640, 799.98875pt x 621.32124pt>
File: ./figures/over-fitting.jpg Graphic file (type jpg)

<use ./figures/over-fitting.jpg>
Package pdftex.def Info: ./figures/over-fitting.jpg used on input line 1228.
(pdftex.def)             Requested size: 262.90604pt x 204.19287pt.
 [39 <./figures/histry_compare.jpg>]
<./figures/performances.jpg, id=650, 687.56876pt x 330.23375pt>
File: ./figures/performances.jpg Graphic file (type jpg)

<use ./figures/performances.jpg>
Package pdftex.def Info: ./figures/performances.jpg used on input line 1246.
(pdftex.def)             Requested size: 350.53915pt x 168.36154pt.
 [40 <./figures/over-fitting.jpg> <./figures/performances.jpg>] <./figures/Comp
B.jpg, id=658, 562.1pt x 421.575pt>
File: ./figures/CompB.jpg Graphic file (type jpg)

<use ./figures/CompB.jpg>
Package pdftex.def Info: ./figures/CompB.jpg used on input line 1263.
(pdftex.def)             Requested size: 175.26622pt x 131.44595pt.
 <./figures/CompR.jpg, id=659, 562.1pt x 421.575pt>
File: ./figures/CompR.jpg Graphic file (type jpg)

<use ./figures/CompR.jpg>
Package pdftex.def Info: ./figures/CompR.jpg used on input line 1264.
(pdftex.def)             Requested size: 175.26622pt x 131.44595pt.
 <./figures/CompA.jpg, id=660, 562.1pt x 421.575pt>
File: ./figures/CompA.jpg Graphic file (type jpg)

<use ./figures/CompA.jpg>
Package pdftex.def Info: ./figures/CompA.jpg used on input line 1266.
(pdftex.def)             Requested size: 175.26622pt x 131.44595pt.
 <./figures/CompL.jpg, id=661, 562.1pt x 421.575pt>
File: ./figures/CompL.jpg Graphic file (type jpg)

<use ./figures/CompL.jpg>
Package pdftex.def Info: ./figures/CompL.jpg used on input line 1267.
(pdftex.def)             Requested size: 175.26622pt x 131.44595pt.

./main.tex:1301: Double superscript.
l.1301 ... level with the p value of $2.3251*10^-^
                                                  8  $.
I treat `x^1^2' essentially like `x^1{}^2'.


Underfull \vbox (badness 10000) has occurred while \output is active []

 [41 <./figures/CompB.jpg> <./figures/CompR.jpg> <./figures/CompA.jpg> <./figur
es/CompL.jpg>]
./main.tex:1307: Double superscript.
l.1307 ...vincial migration rate ($2.188885*10 ^0^
                                                  5$), the economic north pa...
I treat `x^1^2' essentially like `x^1{}^2'.


Overfull \hbox (13.4817pt too wide) in paragraph at lines 1319--1320
[]\OT1/bch/m/n/10.95 Detailed data about the econ-omy and en-vi-ron-ment in dif
-fer-ent sub ar-eas within provinces; 
 []

[42] [43] [44]
<./figures/interperformance.jpg, id=706, 846.16125pt x 393.47pt>
File: ./figures/interperformance.jpg Graphic file (type jpg)

<use ./figures/interperformance.jpg>
Package pdftex.def Info: ./figures/interperformance.jpg used on input line 1468
.
(pdftex.def)             Requested size: 416.26231pt x 193.56447pt.

<./figures/innerperformance.jpg, id=708, 902.37125pt x 421.575pt>
File: ./figures/innerperformance.jpg Graphic file (type jpg)

<use ./figures/innerperformance.jpg>
Package pdftex.def Info: ./figures/innerperformance.jpg used on input line 1479
.
(pdftex.def)             Requested size: 416.26231pt x 194.47362pt.
 [45] [46 <./figures/interperformance.jpg>] <./figures/2016Beijing.png, id=727,
 686.565pt x 516.93124pt>
File: ./figures/2016Beijing.png Graphic file (type png)

<use ./figures/2016Beijing.png>
Package pdftex.def Info: ./figures/2016Beijing.png used on input line 1509.
(pdftex.def)             Requested size: 197.17618pt x 148.45488pt.

<./figures/2016Sichuan.png, id=728, 710.655pt x 513.92pt>
File: ./figures/2016Sichuan.png Graphic file (type png)

<use ./figures/2016Sichuan.png>
Package pdftex.def Info: ./figures/2016Sichuan.png used on input line 1510.
(pdftex.def)             Requested size: 197.17618pt x 142.58704pt.


./main.tex:1512: Package keyval Error: align undefined.

See the keyval package documentation for explanation.
Type  H <return>  for immediate help.
 ...                                              
                                                  
l.1512 ...lign = left]{./figures/2016Beijing2.png}
                                                  
Try typing  <return>  to proceed.
If that doesn't work, type  X <return>  to quit.

<./figures/2016Beijing2.png, id=729, 129.48375pt x 39.14626pt>
File: ./figures/2016Beijing2.png Graphic file (type png)

<use ./figures/2016Beijing2.png>
Package pdftex.def Info: ./figures/2016Beijing2.png used on input line 1512.
(pdftex.def)             Requested size: 43.8199pt x 13.24802pt.

<./figures/2016Sichuan2.png, id=730, 130.4875pt x 43.16125pt>
File: ./figures/2016Sichuan2.png Graphic file (type png)

<use ./figures/2016Sichuan2.png>
Package pdftex.def Info: ./figures/2016Sichuan2.png used on input line 1513.
(pdftex.def)             Requested size: 43.8199pt x 14.49417pt.
 [47 <./figures/innerperformance.jpg> <./figures/2016Beijing.png> <./figures/20
16Sichuan.png> <./figures/2016Beijing2.png> <./figures/2016Sichuan2.png>] [48]
Chapter 6.
[49

] [50] [51] [52]
./main.tex:1663: Text line contains an invalid character.
l.1663 ...s and eigenvectors of  Equation \ref{^^?
                                                  equ:eigen} and ranking eig...
A funny symbol that I can't read has just been input.
Continue, and I'll forget that it ever happened.

./main.tex:1664: Text line contains an invalid character.
l.1664 \begin{equation}\label{^^?
                                 equ:eigen}
A funny symbol that I can't read has just been input.
Continue, and I'll forget that it ever happened.

./main.tex:1665: Text line contains an invalid character.
l.1665   ^^?
            S = \frac{1}{N}\bar{X}^{T}\bar{X}
A funny symbol that I can't read has just been input.
Continue, and I'll forget that it ever happened.

[53] <./figures/Eigenvalues.jpg, id=794, 766.865pt x 370.38374pt>
File: ./figures/Eigenvalues.jpg Graphic file (type jpg)

<use ./figures/Eigenvalues.jpg>
Package pdftex.def Info: ./figures/Eigenvalues.jpg used on input line 1694.
(pdftex.def)             Requested size: 350.53915pt x 169.30478pt.

<./figures/2011.jpg, id=796, 562.1pt x 421.575pt>
File: ./figures/2011.jpg Graphic file (type jpg)
 <use ./figures/2011.jpg>
Package pdftex.def Info: ./figures/2011.jpg used on input line 1710.
(pdftex.def)             Requested size: 197.17618pt x 147.88152pt.

<./figures/2013.jpg, id=797, 562.1pt x 421.575pt>
File: ./figures/2013.jpg Graphic file (type jpg)
 <use ./figures/2013.jpg>
Package pdftex.def Info: ./figures/2013.jpg used on input line 1712.
(pdftex.def)             Requested size: 197.17618pt x 147.88152pt.

<./figures/2014.jpg, id=798, 562.1pt x 421.575pt>
File: ./figures/2014.jpg Graphic file (type jpg)
 <use ./figures/2014.jpg>
Package pdftex.def Info: ./figures/2014.jpg used on input line 1713.
(pdftex.def)             Requested size: 197.17618pt x 147.88152pt.

[54 <./figures/Eigenvalues.jpg>]
Overfull \hbox (12.45589pt too wide) in paragraph at lines 1729--1730
\OT1/bch/m/n/10.95 In the last sec-tion, PCA is in-tro-duced for de-dimensionin
g in-ter-view data into few 3-dimensional
 []

[55 <./figures/2011.jpg> <./figures/2013.jpg> <./figures/2014.jpg>]
Missing character: There is no ‚ in font bchr7t!
Missing character: There is no Ä in font bchr7t!
Missing character: There is no ì in font bchr7t!
Missing character: There is no ‚ in font bchr7t!
Missing character: There is no Ä in font bchr7t!
Missing character: There is no ì in font bchr7t!
Missing character: There is no ‚ in font bchr7t!
Missing character: There is no Ä in font bchr7t!
Missing character: There is no ì in font bchr7t!
Missing character: There is no ‚ in font bchr7t!
Missing character: There is no Ä in font bchr7t!
Missing character: There is no ì in font bchr7t!

Overfull \hbox (12.8513pt too wide) in paragraph at lines 1740--1741
[]\OT1/bch/m/n/10.95 Resilient back-prop-a-ga-tion (trainrp)  Pa-ram-e-ters: In
-cre-ment/Decrement to weight change. 
 []

./main.tex:1760: Missing $ inserted.
<inserted text> 
                $
l.1760      9.7*10^
                   7             & 27                           & 28        ...
I've inserted a begin-math/end-math symbol since I think
you left one out. Proceed, with fingers crossed.

./main.tex:1760: Missing $ inserted.
<inserted text> 
                $
l.1760      9.7*10^7             &
                                   27                           & 28        ...
I've inserted something that you may have forgotten.
(See the <inserted text> above.)
With luck, this will get me unwedged. But if you
really didn't forget anything, try typing `2' now; then
my insertion and my current dilemma will both disappear.

<./figures/ToBeijing0.jpg, id=814, 562.1pt x 421.575pt>
File: ./figures/ToBeijing0.jpg Graphic file (type jpg)

<use ./figures/ToBeijing0.jpg>
Package pdftex.def Info: ./figures/ToBeijing0.jpg used on input line 1768.
(pdftex.def)             Requested size: 350.53915pt x 262.90477pt.

./main.tex:1781: Missing $ inserted.
<inserted text> 
                $
l.1781           9.0061*10^
                           7         & 19                           & 23    ...
I've inserted a begin-math/end-math symbol since I think
you left one out. Proceed, with fingers crossed.

./main.tex:1781: Missing $ inserted.
<inserted text> 
                $
l.1781           9.0061*10^7         &
                                       19                           & 23    ...
I've inserted something that you may have forgotten.
(See the <inserted text> above.)
With luck, this will get me unwedged. But if you
really didn't forget anything, try typing `2' now; then
my insertion and my current dilemma will both disappear.

<./figures/ToBeijing1.jpg, id=817, 562.1pt x 421.575pt>
File: ./figures/ToBeijing1.jpg Graphic file (type jpg)

<use ./figures/ToBeijing1.jpg>
Package pdftex.def Info: ./figures/ToBeijing1.jpg used on input line 1788.
(pdftex.def)             Requested size: 350.53915pt x 262.90477pt.

./main.tex:1810: Missing $ inserted.
<inserted text> 
                $
l.1810 \end{tabularx}
                     
I've inserted a begin-math/end-math symbol since I think
you left one out. Proceed, with fingers crossed.

./main.tex:1810: Missing $ inserted.
<inserted text> 
                $
l.1810 \end{tabularx}
                     
I've inserted something that you may have forgotten.
(See the <inserted text> above.)
With luck, this will get me unwedged. But if you
really didn't forget anything, try typing `2' now; then
my insertion and my current dilemma will both disappear.

./main.tex:1810: Missing $ inserted.
<inserted text> 
                $
l.1810 \end{tabularx}
                     
I've inserted a begin-math/end-math symbol since I think
you left one out. Proceed, with fingers crossed.

./main.tex:1810: Missing $ inserted.
<inserted text> 
                $
l.1810 \end{tabularx}
                     
I've inserted something that you may have forgotten.
(See the <inserted text> above.)
With luck, this will get me unwedged. But if you
really didn't forget anything, try typing `2' now; then
my insertion and my current dilemma will both disappear.

./main.tex:1810: Missing $ inserted.
<inserted text> 
                $
l.1810 \end{tabularx}
                     
I've inserted a begin-math/end-math symbol since I think
you left one out. Proceed, with fingers crossed.

./main.tex:1810: Missing $ inserted.
<inserted text> 
                $
l.1810 \end{tabularx}
                     
I've inserted something that you may have forgotten.
(See the <inserted text> above.)
With luck, this will get me unwedged. But if you
really didn't forget anything, try typing `2' now; then
my insertion and my current dilemma will both disappear.

./main.tex:1810: Missing $ inserted.
<inserted text> 
                $
l.1810 \end{tabularx}
                     
I've inserted a begin-math/end-math symbol since I think
you left one out. Proceed, with fingers crossed.

./main.tex:1810: Missing $ inserted.
<inserted text> 
                $
l.1810 \end{tabularx}
                     
I've inserted something that you may have forgotten.
(See the <inserted text> above.)
With luck, this will get me unwedged. But if you
really didn't forget anything, try typing `2' now; then
my insertion and my current dilemma will both disappear.

./main.tex:1810: Missing $ inserted.
<inserted text> 
                $
l.1810 \end{tabularx}
                     
I've inserted a begin-math/end-math symbol since I think
you left one out. Proceed, with fingers crossed.

./main.tex:1810: Missing $ inserted.
<inserted text> 
                $
l.1810 \end{tabularx}
                     
I've inserted something that you may have forgotten.
(See the <inserted text> above.)
With luck, this will get me unwedged. But if you
really didn't forget anything, try typing `2' now; then
my insertion and my current dilemma will both disappear.

./main.tex:1810: Missing $ inserted.
<inserted text> 
                $
l.1810 \end{tabularx}
                     
I've inserted a begin-math/end-math symbol since I think
you left one out. Proceed, with fingers crossed.

./main.tex:1810: Missing $ inserted.
<inserted text> 
                $
l.1810 \end{tabularx}
                     
I've inserted something that you may have forgotten.
(See the <inserted text> above.)
With luck, this will get me unwedged. But if you
really didn't forget anything, try typing `2' now; then
my insertion and my current dilemma will both disappear.

./main.tex:1810: Missing $ inserted.
<inserted text> 
                $
l.1810 \end{tabularx}
                     
I've inserted a begin-math/end-math symbol since I think
you left one out. Proceed, with fingers crossed.

./main.tex:1810: Missing $ inserted.
<inserted text> 
                $
l.1810 \end{tabularx}
                     
I've inserted something that you may have forgotten.
(See the <inserted text> above.)
With luck, this will get me unwedged. But if you
really didn't forget anything, try typing `2' now; then
my insertion and my current dilemma will both disappear.

./main.tex:1810: Missing $ inserted.
<inserted text> 
                $
l.1810 \end{tabularx}
                     
I've inserted a begin-math/end-math symbol since I think
you left one out. Proceed, with fingers crossed.

./main.tex:1810: Missing $ inserted.
<inserted text> 
                $
l.1810 \end{tabularx}
                     
I've inserted something that you may have forgotten.
(See the <inserted text> above.)
With luck, this will get me unwedged. But if you
really didn't forget anything, try typing `2' now; then
my insertion and my current dilemma will both disappear.

./main.tex:1810: Missing $ inserted.
<inserted text> 
                $
l.1810 \end{tabularx}
                     
I've inserted a begin-math/end-math symbol since I think
you left one out. Proceed, with fingers crossed.

./main.tex:1810: Missing $ inserted.
<inserted text> 
                $
l.1810 \end{tabularx}
                     
I've inserted something that you may have forgotten.
(See the <inserted text> above.)
With luck, this will get me unwedged. But if you
really didn't forget anything, try typing `2' now; then
my insertion and my current dilemma will both disappear.

./main.tex:1810: Missing $ inserted.
<inserted text> 
                $
l.1810 \end{tabularx}
                     
I've inserted a begin-math/end-math symbol since I think
you left one out. Proceed, with fingers crossed.

./main.tex:1810: Missing $ inserted.
<inserted text> 
                $
l.1810 \end{tabularx}
                     
I've inserted something that you may have forgotten.
(See the <inserted text> above.)
With luck, this will get me unwedged. But if you
really didn't forget anything, try typing `2' now; then
my insertion and my current dilemma will both disappear.

./main.tex:1810: Missing $ inserted.
<inserted text> 
                $
l.1810 \end{tabularx}
                     
I've inserted a begin-math/end-math symbol since I think
you left one out. Proceed, with fingers crossed.

./main.tex:1810: Missing $ inserted.
<inserted text> 
                $
l.1810 \end{tabularx}
                     
I've inserted something that you may have forgotten.
(See the <inserted text> above.)
With luck, this will get me unwedged. But if you
really didn't forget anything, try typing `2' now; then
my insertion and my current dilemma will both disappear.

./main.tex:1810: Missing $ inserted.
<inserted text> 
                $
l.1810 \end{tabularx}
                     
I've inserted a begin-math/end-math symbol since I think
you left one out. Proceed, with fingers crossed.

./main.tex:1810: Missing $ inserted.
<inserted text> 
                $
l.1810 \end{tabularx}
                     
I've inserted something that you may have forgotten.
(See the <inserted text> above.)
With luck, this will get me unwedged. But if you
really didn't forget anything, try typing `2' now; then
my insertion and my current dilemma will both disappear.

[56]
./main.tex:1832: Missing $ inserted.
<inserted text> 
                $
l.1832 \end{tabularx}
                     
I've inserted a begin-math/end-math symbol since I think
you left one out. Proceed, with fingers crossed.

./main.tex:1832: Missing $ inserted.
<inserted text> 
                $
l.1832 \end{tabularx}
                     
I've inserted something that you may have forgotten.
(See the <inserted text> above.)
With luck, this will get me unwedged. But if you
really didn't forget anything, try typing `2' now; then
my insertion and my current dilemma will both disappear.

./main.tex:1832: Missing $ inserted.
<inserted text> 
                $
l.1832 \end{tabularx}
                     
I've inserted a begin-math/end-math symbol since I think
you left one out. Proceed, with fingers crossed.

./main.tex:1832: Missing $ inserted.
<inserted text> 
                $
l.1832 \end{tabularx}
                     
I've inserted something that you may have forgotten.
(See the <inserted text> above.)
With luck, this will get me unwedged. But if you
really didn't forget anything, try typing `2' now; then
my insertion and my current dilemma will both disappear.

./main.tex:1832: Missing $ inserted.
<inserted text> 
                $
l.1832 \end{tabularx}
                     
I've inserted a begin-math/end-math symbol since I think
you left one out. Proceed, with fingers crossed.

./main.tex:1832: Missing $ inserted.
<inserted text> 
                $
l.1832 \end{tabularx}
                     
I've inserted something that you may have forgotten.
(See the <inserted text> above.)
With luck, this will get me unwedged. But if you
really didn't forget anything, try typing `2' now; then
my insertion and my current dilemma will both disappear.

./main.tex:1832: Missing $ inserted.
<inserted text> 
                $
l.1832 \end{tabularx}
                     
I've inserted a begin-math/end-math symbol since I think
you left one out. Proceed, with fingers crossed.

./main.tex:1832: Missing $ inserted.
<inserted text> 
                $
l.1832 \end{tabularx}
                     
I've inserted something that you may have forgotten.
(See the <inserted text> above.)
With luck, this will get me unwedged. But if you
really didn't forget anything, try typing `2' now; then
my insertion and my current dilemma will both disappear.

./main.tex:1832: Missing $ inserted.
<inserted text> 
                $
l.1832 \end{tabularx}
                     
I've inserted a begin-math/end-math symbol since I think
you left one out. Proceed, with fingers crossed.

./main.tex:1832: Missing $ inserted.
<inserted text> 
                $
l.1832 \end{tabularx}
                     
I've inserted something that you may have forgotten.
(See the <inserted text> above.)
With luck, this will get me unwedged. But if you
really didn't forget anything, try typing `2' now; then
my insertion and my current dilemma will both disappear.

./main.tex:1832: Missing $ inserted.
<inserted text> 
                $
l.1832 \end{tabularx}
                     
I've inserted a begin-math/end-math symbol since I think
you left one out. Proceed, with fingers crossed.

./main.tex:1832: Missing $ inserted.
<inserted text> 
                $
l.1832 \end{tabularx}
                     
I've inserted something that you may have forgotten.
(See the <inserted text> above.)
With luck, this will get me unwedged. But if you
really didn't forget anything, try typing `2' now; then
my insertion and my current dilemma will both disappear.

./main.tex:1832: Missing $ inserted.
<inserted text> 
                $
l.1832 \end{tabularx}
                     
I've inserted a begin-math/end-math symbol since I think
you left one out. Proceed, with fingers crossed.

./main.tex:1832: Missing $ inserted.
<inserted text> 
                $
l.1832 \end{tabularx}
                     
I've inserted something that you may have forgotten.
(See the <inserted text> above.)
With luck, this will get me unwedged. But if you
really didn't forget anything, try typing `2' now; then
my insertion and my current dilemma will both disappear.

./main.tex:1832: Missing $ inserted.
<inserted text> 
                $
l.1832 \end{tabularx}
                     
I've inserted a begin-math/end-math symbol since I think
you left one out. Proceed, with fingers crossed.

./main.tex:1832: Missing $ inserted.
<inserted text> 
                $
l.1832 \end{tabularx}
                     
I've inserted something that you may have forgotten.
(See the <inserted text> above.)
With luck, this will get me unwedged. But if you
really didn't forget anything, try typing `2' now; then
my insertion and my current dilemma will both disappear.

./main.tex:1832: Missing $ inserted.
<inserted text> 
                $
l.1832 \end{tabularx}
                     
I've inserted a begin-math/end-math symbol since I think
you left one out. Proceed, with fingers crossed.

./main.tex:1832: Missing $ inserted.
<inserted text> 
                $
l.1832 \end{tabularx}
                     
I've inserted something that you may have forgotten.
(See the <inserted text> above.)
With luck, this will get me unwedged. But if you
really didn't forget anything, try typing `2' now; then
my insertion and my current dilemma will both disappear.

./main.tex:1832: Missing $ inserted.
<inserted text> 
                $
l.1832 \end{tabularx}
                     
I've inserted a begin-math/end-math symbol since I think
you left one out. Proceed, with fingers crossed.

./main.tex:1832: Missing $ inserted.
<inserted text> 
                $
l.1832 \end{tabularx}
                     
I've inserted something that you may have forgotten.
(See the <inserted text> above.)
With luck, this will get me unwedged. But if you
really didn't forget anything, try typing `2' now; then
my insertion and my current dilemma will both disappear.

./main.tex:1832: Missing $ inserted.
<inserted text> 
                $
l.1832 \end{tabularx}
                     
I've inserted a begin-math/end-math symbol since I think
you left one out. Proceed, with fingers crossed.

./main.tex:1832: Missing $ inserted.
<inserted text> 
                $
l.1832 \end{tabularx}
                     
I've inserted something that you may have forgotten.
(See the <inserted text> above.)
With luck, this will get me unwedged. But if you
really didn't forget anything, try typing `2' now; then
my insertion and my current dilemma will both disappear.

./main.tex:1832: Missing $ inserted.
<inserted text> 
                $
l.1832 \end{tabularx}
                     
I've inserted a begin-math/end-math symbol since I think
you left one out. Proceed, with fingers crossed.

./main.tex:1832: Missing $ inserted.
<inserted text> 
                $
l.1832 \end{tabularx}
                     
I've inserted something that you may have forgotten.
(See the <inserted text> above.)
With luck, this will get me unwedged. But if you
really didn't forget anything, try typing `2' now; then
my insertion and my current dilemma will both disappear.

[57 <./figures/ToBeijing0.jpg>]
<./figures/Errormap.jpg, id=838, 700.6175pt x 474.77374pt>
File: ./figures/Errormap.jpg Graphic file (type jpg)

<use ./figures/Errormap.jpg>
Package pdftex.def Info: ./figures/Errormap.jpg used on input line 1841.
(pdftex.def)             Requested size: 350.53915pt x 237.54565pt.

Underfull \vbox (badness 2961) has occurred while \output is active []

 [58 <./figures/ToBeijing1.jpg>]
<./figures/ProcodePrediction.jpg, id=846, 562.1pt x 421.575pt>
File: ./figures/ProcodePrediction.jpg Graphic file (type jpg)

<use ./figures/ProcodePrediction.jpg>
Package pdftex.def Info: ./figures/ProcodePrediction.jpg used on input line 187
4.
(pdftex.def)             Requested size: 394.35236pt x 295.76305pt.

<./figures/real_estimation.jpg, id=849, 562.1pt x 421.575pt>
File: ./figures/real_estimation.jpg Graphic file (type jpg)

<use ./figures/real_estimation.jpg>
Package pdftex.def Info: ./figures/real_estimation.jpg used on input line 1887.

(pdftex.def)             Requested size: 394.35236pt x 295.76305pt.

Underfull \vbox (badness 10000) has occurred while \output is active []

 [59 <./figures/Errormap.jpg>] [60 <./figures/ProcodePrediction.jpg>]
Underfull \vbox (badness 3250) has occurred while \output is active []

 [61 <./figures/real_estimation.jpg>] [62]
Chapter 7.
./main.tex:1938: Undefined control sequence.
l.1938 ...to be mentioned here is that the word \?
                                                  province\? in this paper a...
The control sequence at the end of the top line
of your error message was never \def'ed. If you have
misspelled it (e.g., `\hobx'), type `I' and the correct
spelling (e.g., `I\hbox'). Otherwise just continue,
and I'll forget about whatever was undefined.

./main.tex:1938: Undefined control sequence.
l.1938 ...ioned here is that the word \?province\?
                                                   in this paper also includ...
The control sequence at the end of the top line
of your error message was never \def'ed. If you have
misspelled it (e.g., `\hobx'), type `I' and the correct
spelling (e.g., `I\hbox'). Otherwise just continue,
and I'll forget about whatever was undefined.


Underfull \vbox (badness 10000) has occurred while \output is active []

 [63

]
Underfull \vbox (badness 10000) has occurred while \output is active []

 [64]
[65]
Chapter 8.
(./main.brf)
\tf@brf=\write5
\openout5 = `main.brf'.

 [66

]
./main.tex:2006: Misplaced alignment tab character &.
<argument> Harris, John R. &
                             Todaro, Michael P. (1970), "Migration, Unemploy...
l.2006 
       
I can't figure out why you would want to use a tab mark
here. If you just want an ampersand, the remedy is
simple: Just type `I\&' now. But if some right brace
up above has ended a previous alignment prematurely,
you're probably due for more error messages, and you
might try typing `S' now just to see what is salvageable.

./main.tex:2017: Misplaced alignment tab character &.
<argument> ...ty[J]. The Journal of Quantitative &
                                                   Technical Economics, 2008...
l.2017 
       
I can't figure out why you would want to use a tab mark
here. If you just want an ampersand, the remedy is
simple: Just type `I\&' now. But if some right brace
up above has ended a previous alignment prematurely,
you're probably due for more error messages, and you
might try typing `S' now just to see what is salvageable.

[67

]
./main.tex:2039: Misplaced alignment tab character &.
<argument> ...oolbox[J]. Environmental Modelling &
                                                   Software, 2005, 20(6): 80...
l.2039 
       
I can't figure out why you would want to use a tab mark
here. If you just want an ampersand, the remedy is
simple: Just type `I\&' now. But if some right brace
up above has ended a previous alignment prematurely,
you're probably due for more error messages, and you
might try typing `S' now just to see what is salvageable.

[68]
Package atveryend Info: Empty hook `BeforeClearDocument' on input line 2059.
 [69]
Package atveryend Info: Empty hook `AfterLastShipout' on input line 2059.
 (./main.aux)
Package atveryend Info: Executing hook `AtVeryEndDocument' on input line 2059.
Package atveryend Info: Executing hook `AtEndAfterFileList' on input line 2059.

Package rerunfilecheck Info: File `main.out' has not changed.
(rerunfilecheck)             Checksum: 79A147E29EA31D34FDB1CFB2848572B0;1959.
Package rerunfilecheck Info: File `main.brf' has not changed.
(rerunfilecheck)             Checksum: 482D23921F030AFDAB00D6C475B465CF;1412.


LaTeX Warning: There were multiply-defined labels.

Package atveryend Info: Empty hook `AtVeryVeryEnd' on input line 2059.
 ) 
Here is how much of TeX's memory you used:
 9674 strings out of 493014
 145371 string characters out of 6133351
 256267 words of memory out of 5000000
 12657 multiletter control sequences out of 15000+600000
 37298 words of font info for 64 fonts, out of 8000000 for 9000
 1141 hyphenation exceptions out of 8191
 44i,12n,43p,1276b,548s stack positions out of 5000i,500n,10000p,200000b,80000s
{/usr/local/texlive/2016/texmf-dist/fonts/enc/dvips/base/8r.enc}</usr/local/t
exlive/2016/texmf-dist/fonts/type1/bitstrea/charter/bchb8a.pfb></usr/local/texl
ive/2016/texmf-dist/fonts/type1/bitstrea/charter/bchr8a.pfb></usr/local/texlive
/2016/texmf-dist/fonts/type1/bitstrea/charter/bchr8a.pfb></usr/local/texlive/20
16/texmf-dist/fonts/type1/bitstrea/charter/bchri8a.pfb></usr/local/texlive/2016
/texmf-dist/fonts/type1/public/amsfonts/cm/cmex10.pfb></usr/local/texlive/2016/
texmf-dist/fonts/type1/public/amsfonts/cm/cmmi10.pfb></usr/local/texlive/2016/t
exmf-dist/fonts/type1/public/amsfonts/cm/cmmi6.pfb></usr/local/texlive/2016/tex
mf-dist/fonts/type1/public/amsfonts/cm/cmmi8.pfb></usr/local/texlive/2016/texmf
-dist/fonts/type1/public/amsfonts/cm/cmr10.pfb></usr/local/texlive/2016/texmf-d
ist/fonts/type1/public/amsfonts/cm/cmr8.pfb></usr/local/texlive/2016/texmf-dist
/fonts/type1/public/amsfonts/cm/cmss10.pfb></usr/local/texlive/2016/texmf-dist/
fonts/type1/public/amsfonts/cm/cmssbx10.pfb></usr/local/texlive/2016/texmf-dist
/fonts/type1/public/amsfonts/cm/cmsy10.pfb></usr/local/texlive/2016/texmf-dist/
fonts/type1/public/amsfonts/cm/cmsy8.pfb>
Output written on main.pdf (76 pages, 5418630 bytes).
PDF statistics:
 1025 PDF objects out of 1200 (max. 8388607)
 854 compressed objects within 9 object streams
 323 named destinations out of 1000 (max. 500000)
 507 words of extra memory for PDF output out of 10000 (max. 10000000)

